<?xml version="1.0" encoding="UTF-8"?>
<testng-results ignored="0" total="1" passed="1" failed="0" skipped="0">
  <reporter-output>
  </reporter-output>
  <suite started-at="2022-03-24T12:10:22 IST" name="Default suite" finished-at="2022-03-24T12:10:22 IST" duration-ms="176">
    <groups>
    </groups>
    <test started-at="2022-03-24T12:10:22 IST" name="Default test" finished-at="2022-03-24T12:10:22 IST" duration-ms="176">
      <class name="practicerepopackage1.DemoRepo">
        <test-method signature="main()[pri:0, instance:practicerepopackage1.DemoRepo@53976f5c]" started-at="2022-03-24T12:10:22 IST" name="main" finished-at="2022-03-24T12:10:22 IST" duration-ms="16" status="PASS">
          <reporter-output>
          </reporter-output>
        </test-method> <!-- main -->
      </class> <!-- practicerepopackage1.DemoRepo -->
    </test> <!-- Default test -->
  </suite> <!-- Default suite -->
</testng-results>
