<?xml version="1.0" encoding="UTF-8"?>
<testng-results ignored="0" total="1" passed="1" failed="0" skipped="0">
  <reporter-output>
  </reporter-output>
  <suite started-at="2022-03-24T13:56:08 IST" name="Default suite" finished-at="2022-03-24T13:56:09 IST" duration-ms="1507">
    <groups>
    </groups>
    <test started-at="2022-03-24T13:56:08 IST" name="Default test" finished-at="2022-03-24T13:56:09 IST" duration-ms="1507">
      <class name="samplePackage1.SampleTest">
        <test-method signature="main1()[pri:0, instance:samplePackage1.SampleTest@4e7912d8]" started-at="2022-03-24T13:56:09 IST" name="main1" finished-at="2022-03-24T13:56:09 IST" duration-ms="98" status="PASS">
          <reporter-output>
          </reporter-output>
        </test-method> <!-- main1 -->
      </class> <!-- samplePackage1.SampleTest -->
    </test> <!-- Default test -->
  </suite> <!-- Default suite -->
</testng-results>
